Daemon process terminated and closed the connection

Messages from the log:
[NX Daemon Server] - 2024-11-29T12:34:41.733Z - Done responding to the client handleContextFileData
[NX Daemon Server] - 2024-11-29T12:34:41.733Z - Handled GET_CONTEXT_FILE_DATA. Handling time: 0. Response time: 1.
[NX Daemon Server] - 2024-11-29T12:34:41.733Z - Closed a connection. Number of open connections: 0
[NX Daemon Server] - 2024-11-29T12:34:50.723Z - [WATCHER]: Processing file changes in outputs
[NX Daemon Server] - 2024-11-29T12:34:50.727Z - [WATCHER]: .gitignore was modified
[NX Daemon Server] - 2024-11-29T12:34:50.728Z - [WATCHER]: Stopping the watcher for c:\laragon\www\monit (sources)
[NX Daemon Server] - 2024-11-29T12:34:50.729Z - [WATCHER]: Stopping the watcher for c:\laragon\www\monit (outputs)
[NX Daemon Server] - 2024-11-29T12:34:50.730Z - Server stopped because: "Stopping the daemon the set of ignored files changed (native)"
[NX Daemon Server] - 2024-11-29T12:34:52.599Z - Started listening on: \\.\pipe\nx\C:\Users\UURG~1\AppData\Local\Temp\a8461f2f231e45724757\d.sock
[NX Daemon Server] - 2024-11-29T12:34:52.610Z - [WATCHER]: Subscribed to changes within: c:\laragon\www\monit (native)
[NX Daemon Server] - 2024-11-29T12:34:52.616Z - Established a connection. Number of open connections: 1
[NX Daemon Server] - 2024-11-29T12:34:52.617Z - Established a connection. Number of open connections: 2
[NX Daemon Server] - 2024-11-29T12:34:52.619Z - Closed a connection. Number of open connections: 1
[NX Daemon Server] - 2024-11-29T12:34:52.625Z - [REQUEST]: Client Request for Project Graph Received
[NX Daemon Server] - 2024-11-29T12:34:53.373Z - [REQUEST]: Updated workspace context based on watched changes, recomputing project graph...
[NX Daemon Server] - 2024-11-29T12:34:53.374Z - [REQUEST]: 
[NX Daemon Server] - 2024-11-29T12:34:53.374Z - [REQUEST]: 
[NX Daemon Server] - 2024-11-29T12:34:53.385Z - Time taken for 'loadNxPlugins' 745.4307ms
[NX Daemon Server] - 2024-11-29T12:34:53.651Z - [WATCHER]: .gitignore was modified



More information: c:\laragon\www\monit\.nx\workspace-data\d\daemon.log